2025-03-26 16:03:43 [[31merror[39m]: Estado: 500 [GET] /api/pets/67e44b30f05317211c608e97 -  Mensaje: petService.getOne is not a function
2025-03-26 16:03:43 [[31merror[39m]: {
  "statusCode": 500,
  "files": [
    "TypeError: petService.getOne is not a function",
    "    at getById (file:///C:/Users/nico_/Desktop/Coderhouse/Backend%20III%20-%20Testing%20y%20Escalabilidad/curso_backend_III/proyecto_back_III/src/modules/pets/pet.controller.js:30:36)",
    "    at Layer.handle [as handle_request] (C:\\Users\\nico_\\Desktop\\Coderhouse\\Backend III - Testing y Escalabilidad\\curso_backend_III\\proyecto_back_III\\node_modules\\express\\lib\\router\\layer.js:95:5)",
    "    at next (C:\\Users\\nico_\\Desktop\\Coderhouse\\Backend III - Testing y Escalabilidad\\curso_backend_III\\proyecto_back_III\\node_modules\\express\\lib\\router\\route.js:149:13)",
    "    at Route.dispatch (C:\\Users\\nico_\\Desktop\\Coderhouse\\Backend III - Testing y Escalabilidad\\curso_backend_III\\proyecto_back_III\\node_modules\\express\\lib\\router\\route.js:119:3)",
    "    at Layer.handle [as handle_request] (C:\\Users\\nico_\\Desktop\\Coderhouse\\Backend III - Testing y Escalabilidad\\curso_backend_III\\proyecto_back_III\\node_modules\\express\\lib\\router\\layer.js:95:5)",
    "    at C:\\Users\\nico_\\Desktop\\Coderhouse\\Backend III - Testing y Escalabilidad\\curso_backend_III\\proyecto_back_III\\node_modules\\express\\lib\\router\\index.js:284:15",
    "    at param (C:\\Users\\nico_\\Desktop\\Coderhouse\\Backend III - Testing y Escalabilidad\\curso_backend_III\\proyecto_back_III\\node_modules\\express\\lib\\router\\index.js:365:14)",
    "    at param (C:\\Users\\nico_\\Desktop\\Coderhouse\\Backend III - Testing y Escalabilidad\\curso_backend_III\\proyecto_back_III\\node_modules\\express\\lib\\router\\index.js:376:14)",
    "    at Function.process_params (C:\\Users\\nico_\\Desktop\\Coderhouse\\Backend III - Testing y Escalabilidad\\curso_backend_III\\proyecto_back_III\\node_modules\\express\\lib\\router\\index.js:421:3)",
    "    at next (C:\\Users\\nico_\\Desktop\\Coderhouse\\Backend III - Testing y Escalabilidad\\curso_backend_III\\proyecto_back_III\\node_modules\\express\\lib\\router\\index.js:280:10)"
  ],
  "message": "petService.getOne is not a function",
  "path": "/api/pets/67e44b30f05317211c608e97",
  "method": "GET"
}
2025-03-26 16:09:59 [[31merror[39m]: Estado: 500 [GET] /api/users/67e44b62f05317211c608e9 -  Mensaje: Cast to ObjectId failed for value "67e44b62f05317211c608e9" (type string) at path "_id" for model "users"
2025-03-26 16:09:59 [[31merror[39m]: {
  "statusCode": 500,
  "files": [
    "CastError: Cast to ObjectId failed for value \"67e44b62f05317211c608e9\" (type string) at path \"_id\" for model \"users\"",
    "    at SchemaObjectId.cast (C:\\Users\\nico_\\Desktop\\Coderhouse\\Backend III - Testing y Escalabilidad\\curso_backend_III\\proyecto_back_III\\node_modules\\mongoose\\lib\\schema\\objectId.js:251:11)",
    "    at SchemaType.applySetters (C:\\Users\\nico_\\Desktop\\Coderhouse\\Backend III - Testing y Escalabilidad\\curso_backend_III\\proyecto_back_III\\node_modules\\mongoose\\lib\\schemaType.js:1255:12)",
    "    at SchemaType.castForQuery (C:\\Users\\nico_\\Desktop\\Coderhouse\\Backend III - Testing y Escalabilidad\\curso_backend_III\\proyecto_back_III\\node_modules\\mongoose\\lib\\schemaType.js:1673:17)",
    "    at cast (C:\\Users\\nico_\\Desktop\\Coderhouse\\Backend III - Testing y Escalabilidad\\curso_backend_III\\proyecto_back_III\\node_modules\\mongoose\\lib\\cast.js:390:32)",
    "    at Query.cast (C:\\Users\\nico_\\Desktop\\Coderhouse\\Backend III - Testing y Escalabilidad\\curso_backend_III\\proyecto_back_III\\node_modules\\mongoose\\lib\\query.js:4907:12)",
    "    at Query._castConditions (C:\\Users\\nico_\\Desktop\\Coderhouse\\Backend III - Testing y Escalabilidad\\curso_backend_III\\proyecto_back_III\\node_modules\\mongoose\\lib\\query.js:2325:10)",
    "    at model.Query._findOne (C:\\Users\\nico_\\Desktop\\Coderhouse\\Backend III - Testing y Escalabilidad\\curso_backend_III\\proyecto_back_III\\node_modules\\mongoose\\lib\\query.js:2648:8)",
    "    at model.Query.exec (C:\\Users\\nico_\\Desktop\\Coderhouse\\Backend III - Testing y Escalabilidad\\curso_backend_III\\proyecto_back_III\\node_modules\\mongoose\\lib\\query.js:4456:80)",
    "    at process.processTicksAndRejections (node:internal/process/task_queues:95:5)",
    "    at async UserDao.getOne (file:///C:/Users/nico_/Desktop/Coderhouse/Backend%20III%20-%20Testing%20y%20Escalabilidad/curso_backend_III/proyecto_back_III/src/modules/users/user.dao.js:14:12)"
  ],
  "message": "Cast to ObjectId failed for value \"67e44b62f05317211c608e9\" (type string) at path \"_id\" for model \"users\"",
  "path": "/api/users/67e44b62f05317211c608e9",
  "method": "GET"
}
2025-03-26 16:12:17 [[34mdebug[39m]: {
  "statusCode": 400,
  "files": [
    "SyntaxError: Unexpected token 'q', ...\"\"users\" : q,\r",
    "    \"p\"... is not valid JSON",
    "    at JSON.parse (<anonymous>)",
    "    at parse (C:\\Users\\nico_\\Desktop\\Coderhouse\\Backend III - Testing y Escalabilidad\\curso_backend_III\\proyecto_back_III\\node_modules\\body-parser\\lib\\types\\json.js:92:19)",
    "    at C:\\Users\\nico_\\Desktop\\Coderhouse\\Backend III - Testing y Escalabilidad\\curso_backend_III\\proyecto_back_III\\node_modules\\body-parser\\lib\\read.js:128:18",
    "    at AsyncResource.runInAsyncScope (node:async_hooks:206:9)",
    "    at invokeCallback (C:\\Users\\nico_\\Desktop\\Coderhouse\\Backend III - Testing y Escalabilidad\\curso_backend_III\\proyecto_back_III\\node_modules\\raw-body\\index.js:238:16)",
    "    at done (C:\\Users\\nico_\\Desktop\\Coderhouse\\Backend III - Testing y Escalabilidad\\curso_backend_III\\proyecto_back_III\\node_modules\\raw-body\\index.js:227:7)",
    "    at IncomingMessage.onEnd (C:\\Users\\nico_\\Desktop\\Coderhouse\\Backend III - Testing y Escalabilidad\\curso_backend_III\\proyecto_back_III\\node_modules\\raw-body\\index.js:287:7)",
    "    at IncomingMessage.emit (node:events:518:28)",
    "    at endReadableNT (node:internal/streams/readable:1696:12)",
    "    at process.processTicksAndRejections (node:internal/process/task_queues:82:21)"
  ],
  "message": "Unexpected token 'q', ...\"\"users\" : q,\r\n    \"p\"... is not valid JSON",
  "path": "/api/mocks/generateData",
  "method": "POST"
}
2025-03-26 16:41:47 [[34mdebug[39m]: {
  "statusCode": 400,
  "files": [
    "SyntaxError: Unexpected token 'r', ...\" \"users\": r,\r",
    "    \"p\"... is not valid JSON",
    "    at JSON.parse (<anonymous>)",
    "    at parse (C:\\Users\\nico_\\Desktop\\Coderhouse\\Backend III - Testing y Escalabilidad\\curso_backend_III\\proyecto_back_III\\node_modules\\body-parser\\lib\\types\\json.js:92:19)",
    "    at C:\\Users\\nico_\\Desktop\\Coderhouse\\Backend III - Testing y Escalabilidad\\curso_backend_III\\proyecto_back_III\\node_modules\\body-parser\\lib\\read.js:128:18",
    "    at AsyncResource.runInAsyncScope (node:async_hooks:206:9)",
    "    at invokeCallback (C:\\Users\\nico_\\Desktop\\Coderhouse\\Backend III - Testing y Escalabilidad\\curso_backend_III\\proyecto_back_III\\node_modules\\raw-body\\index.js:238:16)",
    "    at done (C:\\Users\\nico_\\Desktop\\Coderhouse\\Backend III - Testing y Escalabilidad\\curso_backend_III\\proyecto_back_III\\node_modules\\raw-body\\index.js:227:7)",
    "    at IncomingMessage.onEnd (C:\\Users\\nico_\\Desktop\\Coderhouse\\Backend III - Testing y Escalabilidad\\curso_backend_III\\proyecto_back_III\\node_modules\\raw-body\\index.js:287:7)",
    "    at IncomingMessage.emit (node:events:518:28)",
    "    at endReadableNT (node:internal/streams/readable:1696:12)",
    "    at process.processTicksAndRejections (node:internal/process/task_queues:82:21)"
  ],
  "message": "Unexpected token 'r', ...\" \"users\": r,\r\n    \"p\"... is not valid JSON",
  "path": "/api/mocks/generateData",
  "method": "POST"
}
2025-03-26 16:54:19 [[31merror[39m]: Estado: 500 [GET] /api/users/67e45a3930915587b0e96cb -  Mensaje: Cast to ObjectId failed for value "67e45a3930915587b0e96cb" (type string) at path "_id" for model "users"
2025-03-26 16:54:19 [[31merror[39m]: {
  "statusCode": 500,
  "files": [
    "CastError: Cast to ObjectId failed for value \"67e45a3930915587b0e96cb\" (type string) at path \"_id\" for model \"users\"",
    "    at SchemaObjectId.cast (C:\\Users\\nico_\\Desktop\\Coderhouse\\Backend III - Testing y Escalabilidad\\curso_backend_III\\proyecto_back_III\\node_modules\\mongoose\\lib\\schema\\objectId.js:251:11)",
    "    at SchemaType.applySetters (C:\\Users\\nico_\\Desktop\\Coderhouse\\Backend III - Testing y Escalabilidad\\curso_backend_III\\proyecto_back_III\\node_modules\\mongoose\\lib\\schemaType.js:1255:12)",
    "    at SchemaType.castForQuery (C:\\Users\\nico_\\Desktop\\Coderhouse\\Backend III - Testing y Escalabilidad\\curso_backend_III\\proyecto_back_III\\node_modules\\mongoose\\lib\\schemaType.js:1673:17)",
    "    at cast (C:\\Users\\nico_\\Desktop\\Coderhouse\\Backend III - Testing y Escalabilidad\\curso_backend_III\\proyecto_back_III\\node_modules\\mongoose\\lib\\cast.js:390:32)",
    "    at Query.cast (C:\\Users\\nico_\\Desktop\\Coderhouse\\Backend III - Testing y Escalabilidad\\curso_backend_III\\proyecto_back_III\\node_modules\\mongoose\\lib\\query.js:4907:12)",
    "    at Query._castConditions (C:\\Users\\nico_\\Desktop\\Coderhouse\\Backend III - Testing y Escalabilidad\\curso_backend_III\\proyecto_back_III\\node_modules\\mongoose\\lib\\query.js:2325:10)",
    "    at model.Query._findOne (C:\\Users\\nico_\\Desktop\\Coderhouse\\Backend III - Testing y Escalabilidad\\curso_backend_III\\proyecto_back_III\\node_modules\\mongoose\\lib\\query.js:2648:8)",
    "    at model.Query.exec (C:\\Users\\nico_\\Desktop\\Coderhouse\\Backend III - Testing y Escalabilidad\\curso_backend_III\\proyecto_back_III\\node_modules\\mongoose\\lib\\query.js:4456:80)",
    "    at process.processTicksAndRejections (node:internal/process/task_queues:95:5)",
    "    at async UserDao.getOne (file:///C:/Users/nico_/Desktop/Coderhouse/Backend%20III%20-%20Testing%20y%20Escalabilidad/curso_backend_III/proyecto_back_III/src/modules/users/user.dao.js:14:12)"
  ],
  "message": "Cast to ObjectId failed for value \"67e45a3930915587b0e96cb\" (type string) at path \"_id\" for model \"users\"",
  "path": "/api/users/67e45a3930915587b0e96cb",
  "method": "GET"
}
