2025-03-27 14:38:39 [[31merror[39m]: Estado: 500 [GET] /api/users/67e45a3930915587b0e96cb -  Mensaje: Cast to ObjectId failed for value "67e45a3930915587b0e96cb" (type string) at path "_id" for model "users"
2025-03-27 14:38:39 [[31merror[39m]: {
  "statusCode": 500,
  "files": [
    "CastError: Cast to ObjectId failed for value \"67e45a3930915587b0e96cb\" (type string) at path \"_id\" for model \"users\"",
    "    at SchemaObjectId.cast (C:\\Users\\nico_\\Desktop\\Coderhouse\\Backend III - Testing y Escalabilidad\\curso_backend_III\\proyecto_back_III\\node_modules\\mongoose\\lib\\schema\\objectId.js:251:11)",
    "    at SchemaType.applySetters (C:\\Users\\nico_\\Desktop\\Coderhouse\\Backend III - Testing y Escalabilidad\\curso_backend_III\\proyecto_back_III\\node_modules\\mongoose\\lib\\schemaType.js:1255:12)",
    "    at SchemaType.castForQuery (C:\\Users\\nico_\\Desktop\\Coderhouse\\Backend III - Testing y Escalabilidad\\curso_backend_III\\proyecto_back_III\\node_modules\\mongoose\\lib\\schemaType.js:1673:17)",
    "    at cast (C:\\Users\\nico_\\Desktop\\Coderhouse\\Backend III - Testing y Escalabilidad\\curso_backend_III\\proyecto_back_III\\node_modules\\mongoose\\lib\\cast.js:390:32)",
    "    at Query.cast (C:\\Users\\nico_\\Desktop\\Coderhouse\\Backend III - Testing y Escalabilidad\\curso_backend_III\\proyecto_back_III\\node_modules\\mongoose\\lib\\query.js:4907:12)",
    "    at Query._castConditions (C:\\Users\\nico_\\Desktop\\Coderhouse\\Backend III - Testing y Escalabilidad\\curso_backend_III\\proyecto_back_III\\node_modules\\mongoose\\lib\\query.js:2325:10)",
    "    at model.Query._findOne (C:\\Users\\nico_\\Desktop\\Coderhouse\\Backend III - Testing y Escalabilidad\\curso_backend_III\\proyecto_back_III\\node_modules\\mongoose\\lib\\query.js:2648:8)",
    "    at model.Query.exec (C:\\Users\\nico_\\Desktop\\Coderhouse\\Backend III - Testing y Escalabilidad\\curso_backend_III\\proyecto_back_III\\node_modules\\mongoose\\lib\\query.js:4456:80)",
    "    at process.processTicksAndRejections (node:internal/process/task_queues:95:5)",
    "    at async UserDao.getOne (file:///C:/Users/nico_/Desktop/Coderhouse/Backend%20III%20-%20Testing%20y%20Escalabilidad/curso_backend_III/proyecto_back_III/src/modules/users/user.dao.js:14:12)"
  ],
  "message": "Cast to ObjectId failed for value \"67e45a3930915587b0e96cb\" (type string) at path \"_id\" for model \"users\"",
  "path": "/api/users/67e45a3930915587b0e96cb",
  "method": "GET"
}
2025-03-27 14:42:58 [[31merror[39m]: Estado: 500 [GET] /api/users/67e45a3930915587b0e96cb -  Mensaje: Cast to ObjectId failed for value "67e45a3930915587b0e96cb" (type string) at path "_id" for model "users"
2025-03-27 14:42:58 [[31merror[39m]: {
  "statusCode": 500,
  "files": [
    "CastError: Cast to ObjectId failed for value \"67e45a3930915587b0e96cb\" (type string) at path \"_id\" for model \"users\"",
    "    at SchemaObjectId.cast (C:\\Users\\nico_\\Desktop\\Coderhouse\\Backend III - Testing y Escalabilidad\\curso_backend_III\\proyecto_back_III\\node_modules\\mongoose\\lib\\schema\\objectId.js:251:11)",
    "    at SchemaType.applySetters (C:\\Users\\nico_\\Desktop\\Coderhouse\\Backend III - Testing y Escalabilidad\\curso_backend_III\\proyecto_back_III\\node_modules\\mongoose\\lib\\schemaType.js:1255:12)",
    "    at SchemaType.castForQuery (C:\\Users\\nico_\\Desktop\\Coderhouse\\Backend III - Testing y Escalabilidad\\curso_backend_III\\proyecto_back_III\\node_modules\\mongoose\\lib\\schemaType.js:1673:17)",
    "    at cast (C:\\Users\\nico_\\Desktop\\Coderhouse\\Backend III - Testing y Escalabilidad\\curso_backend_III\\proyecto_back_III\\node_modules\\mongoose\\lib\\cast.js:390:32)",
    "    at Query.cast (C:\\Users\\nico_\\Desktop\\Coderhouse\\Backend III - Testing y Escalabilidad\\curso_backend_III\\proyecto_back_III\\node_modules\\mongoose\\lib\\query.js:4907:12)",
    "    at Query._castConditions (C:\\Users\\nico_\\Desktop\\Coderhouse\\Backend III - Testing y Escalabilidad\\curso_backend_III\\proyecto_back_III\\node_modules\\mongoose\\lib\\query.js:2325:10)",
    "    at model.Query._findOne (C:\\Users\\nico_\\Desktop\\Coderhouse\\Backend III - Testing y Escalabilidad\\curso_backend_III\\proyecto_back_III\\node_modules\\mongoose\\lib\\query.js:2648:8)",
    "    at model.Query.exec (C:\\Users\\nico_\\Desktop\\Coderhouse\\Backend III - Testing y Escalabilidad\\curso_backend_III\\proyecto_back_III\\node_modules\\mongoose\\lib\\query.js:4456:80)",
    "    at process.processTicksAndRejections (node:internal/process/task_queues:95:5)",
    "    at async UserDao.getOne (file:///C:/Users/nico_/Desktop/Coderhouse/Backend%20III%20-%20Testing%20y%20Escalabilidad/curso_backend_III/proyecto_back_III/src/modules/users/user.dao.js:14:12)"
  ],
  "message": "Cast to ObjectId failed for value \"67e45a3930915587b0e96cb\" (type string) at path \"_id\" for model \"users\"",
  "path": "/api/users/67e45a3930915587b0e96cb",
  "method": "GET"
}
2025-03-27 14:44:06 [[31merror[39m]: Estado: 500 [GET] /api/users/67e45a3930915587b0e96cb -  Mensaje: Cast to ObjectId failed for value "67e45a3930915587b0e96cb" (type string) at path "_id" for model "users"
2025-03-27 14:44:06 [[31merror[39m]: {
  "statusCode": 500,
  "files": [
    "CastError: Cast to ObjectId failed for value \"67e45a3930915587b0e96cb\" (type string) at path \"_id\" for model \"users\"",
    "    at SchemaObjectId.cast (C:\\Users\\nico_\\Desktop\\Coderhouse\\Backend III - Testing y Escalabilidad\\curso_backend_III\\proyecto_back_III\\node_modules\\mongoose\\lib\\schema\\objectId.js:251:11)",
    "    at SchemaType.applySetters (C:\\Users\\nico_\\Desktop\\Coderhouse\\Backend III - Testing y Escalabilidad\\curso_backend_III\\proyecto_back_III\\node_modules\\mongoose\\lib\\schemaType.js:1255:12)",
    "    at SchemaType.castForQuery (C:\\Users\\nico_\\Desktop\\Coderhouse\\Backend III - Testing y Escalabilidad\\curso_backend_III\\proyecto_back_III\\node_modules\\mongoose\\lib\\schemaType.js:1673:17)",
    "    at cast (C:\\Users\\nico_\\Desktop\\Coderhouse\\Backend III - Testing y Escalabilidad\\curso_backend_III\\proyecto_back_III\\node_modules\\mongoose\\lib\\cast.js:390:32)",
    "    at Query.cast (C:\\Users\\nico_\\Desktop\\Coderhouse\\Backend III - Testing y Escalabilidad\\curso_backend_III\\proyecto_back_III\\node_modules\\mongoose\\lib\\query.js:4907:12)",
    "    at Query._castConditions (C:\\Users\\nico_\\Desktop\\Coderhouse\\Backend III - Testing y Escalabilidad\\curso_backend_III\\proyecto_back_III\\node_modules\\mongoose\\lib\\query.js:2325:10)",
    "    at model.Query._findOne (C:\\Users\\nico_\\Desktop\\Coderhouse\\Backend III - Testing y Escalabilidad\\curso_backend_III\\proyecto_back_III\\node_modules\\mongoose\\lib\\query.js:2648:8)",
    "    at model.Query.exec (C:\\Users\\nico_\\Desktop\\Coderhouse\\Backend III - Testing y Escalabilidad\\curso_backend_III\\proyecto_back_III\\node_modules\\mongoose\\lib\\query.js:4456:80)",
    "    at process.processTicksAndRejections (node:internal/process/task_queues:95:5)",
    "    at async UserDao.getOne (file:///C:/Users/nico_/Desktop/Coderhouse/Backend%20III%20-%20Testing%20y%20Escalabilidad/curso_backend_III/proyecto_back_III/src/modules/users/user.dao.js:14:12)"
  ],
  "message": "Cast to ObjectId failed for value \"67e45a3930915587b0e96cb\" (type string) at path \"_id\" for model \"users\"",
  "path": "/api/users/67e45a3930915587b0e96cb",
  "method": "GET"
}
2025-03-27 14:45:02 [[31merror[39m]: Estado: 500 [GET] /api/users/67e45a3930915587b0e96cb -  Mensaje: Cast to ObjectId failed for value "67e45a3930915587b0e96cb" (type string) at path "_id" for model "users"
2025-03-27 14:45:02 [[31merror[39m]: {
  "statusCode": 500,
  "files": [
    "CastError: Cast to ObjectId failed for value \"67e45a3930915587b0e96cb\" (type string) at path \"_id\" for model \"users\"",
    "    at SchemaObjectId.cast (C:\\Users\\nico_\\Desktop\\Coderhouse\\Backend III - Testing y Escalabilidad\\curso_backend_III\\proyecto_back_III\\node_modules\\mongoose\\lib\\schema\\objectId.js:251:11)",
    "    at SchemaType.applySetters (C:\\Users\\nico_\\Desktop\\Coderhouse\\Backend III - Testing y Escalabilidad\\curso_backend_III\\proyecto_back_III\\node_modules\\mongoose\\lib\\schemaType.js:1255:12)",
    "    at SchemaType.castForQuery (C:\\Users\\nico_\\Desktop\\Coderhouse\\Backend III - Testing y Escalabilidad\\curso_backend_III\\proyecto_back_III\\node_modules\\mongoose\\lib\\schemaType.js:1673:17)",
    "    at cast (C:\\Users\\nico_\\Desktop\\Coderhouse\\Backend III - Testing y Escalabilidad\\curso_backend_III\\proyecto_back_III\\node_modules\\mongoose\\lib\\cast.js:390:32)",
    "    at Query.cast (C:\\Users\\nico_\\Desktop\\Coderhouse\\Backend III - Testing y Escalabilidad\\curso_backend_III\\proyecto_back_III\\node_modules\\mongoose\\lib\\query.js:4907:12)",
    "    at Query._castConditions (C:\\Users\\nico_\\Desktop\\Coderhouse\\Backend III - Testing y Escalabilidad\\curso_backend_III\\proyecto_back_III\\node_modules\\mongoose\\lib\\query.js:2325:10)",
    "    at model.Query._findOne (C:\\Users\\nico_\\Desktop\\Coderhouse\\Backend III - Testing y Escalabilidad\\curso_backend_III\\proyecto_back_III\\node_modules\\mongoose\\lib\\query.js:2648:8)",
    "    at model.Query.exec (C:\\Users\\nico_\\Desktop\\Coderhouse\\Backend III - Testing y Escalabilidad\\curso_backend_III\\proyecto_back_III\\node_modules\\mongoose\\lib\\query.js:4456:80)",
    "    at process.processTicksAndRejections (node:internal/process/task_queues:95:5)",
    "    at async UserDao.getOne (file:///C:/Users/nico_/Desktop/Coderhouse/Backend%20III%20-%20Testing%20y%20Escalabilidad/curso_backend_III/proyecto_back_III/src/modules/users/user.dao.js:14:12)"
  ],
  "message": "Cast to ObjectId failed for value \"67e45a3930915587b0e96cb\" (type string) at path \"_id\" for model \"users\"",
  "path": "/api/users/67e45a3930915587b0e96cb",
  "method": "GET"
}
2025-03-27 14:47:28 [[31merror[39m]: Estado: 500 [GET] /api/users/67e45a3930915587b0e96cb -  Mensaje: Cast to ObjectId failed for value "67e45a3930915587b0e96cb" (type string) at path "_id" for model "users"
2025-03-27 14:47:28 [[31merror[39m]: {
  "statusCode": 500,
  "files": [
    "CastError: Cast to ObjectId failed for value \"67e45a3930915587b0e96cb\" (type string) at path \"_id\" for model \"users\"",
    "    at SchemaObjectId.cast (C:\\Users\\nico_\\Desktop\\Coderhouse\\Backend III - Testing y Escalabilidad\\curso_backend_III\\proyecto_back_III\\node_modules\\mongoose\\lib\\schema\\objectId.js:251:11)",
    "    at SchemaType.applySetters (C:\\Users\\nico_\\Desktop\\Coderhouse\\Backend III - Testing y Escalabilidad\\curso_backend_III\\proyecto_back_III\\node_modules\\mongoose\\lib\\schemaType.js:1255:12)",
    "    at SchemaType.castForQuery (C:\\Users\\nico_\\Desktop\\Coderhouse\\Backend III - Testing y Escalabilidad\\curso_backend_III\\proyecto_back_III\\node_modules\\mongoose\\lib\\schemaType.js:1673:17)",
    "    at cast (C:\\Users\\nico_\\Desktop\\Coderhouse\\Backend III - Testing y Escalabilidad\\curso_backend_III\\proyecto_back_III\\node_modules\\mongoose\\lib\\cast.js:390:32)",
    "    at Query.cast (C:\\Users\\nico_\\Desktop\\Coderhouse\\Backend III - Testing y Escalabilidad\\curso_backend_III\\proyecto_back_III\\node_modules\\mongoose\\lib\\query.js:4907:12)",
    "    at Query._castConditions (C:\\Users\\nico_\\Desktop\\Coderhouse\\Backend III - Testing y Escalabilidad\\curso_backend_III\\proyecto_back_III\\node_modules\\mongoose\\lib\\query.js:2325:10)",
    "    at model.Query._findOne (C:\\Users\\nico_\\Desktop\\Coderhouse\\Backend III - Testing y Escalabilidad\\curso_backend_III\\proyecto_back_III\\node_modules\\mongoose\\lib\\query.js:2648:8)",
    "    at model.Query.exec (C:\\Users\\nico_\\Desktop\\Coderhouse\\Backend III - Testing y Escalabilidad\\curso_backend_III\\proyecto_back_III\\node_modules\\mongoose\\lib\\query.js:4456:80)",
    "    at process.processTicksAndRejections (node:internal/process/task_queues:95:5)",
    "    at async UserDao.getOne (file:///C:/Users/nico_/Desktop/Coderhouse/Backend%20III%20-%20Testing%20y%20Escalabilidad/curso_backend_III/proyecto_back_III/src/modules/users/user.dao.js:14:12)"
  ],
  "message": "Cast to ObjectId failed for value \"67e45a3930915587b0e96cb\" (type string) at path \"_id\" for model \"users\"",
  "path": "/api/users/67e45a3930915587b0e96cb",
  "method": "GET"
}
